<?xml version="1.0" encoding="UTF-8" ?>
<testsuite tests="15" failures="0" name="org.dbms_system.Common.CommonFunctionsTest" time="0.039" errors="0" skipped="0">
  <properties>
    <property name="idea.version" value="2022.3.1"/>
    <property name="java.runtime.name" value="Java(TM) SE Runtime Environment"/>
    <property name="java.vm.version" value="17.0.6+9-LTS-190"/>
    <property name="sun.boot.library.path" value="C:\Program Files\Java\jdk-17\bin"/>
    <property name="maven.multiModuleProjectDirectory" value="C:\Users\manav\OneDrive\Desktop\dbms_system"/>
    <property name="java.vm.vendor" value="Oracle Corporation"/>
    <property name="java.vendor.url" value="https://java.oracle.com/"/>
    <property name="guice.disable.misplaced.annotation.check" value="true"/>
    <property name="path.separator" value=";"/>
    <property name="java.vm.name" value="Java HotSpot(TM) 64-Bit Server VM"/>
    <property name="sun.os.patch.level" value=""/>
    <property name="user.script" value=""/>
    <property name="user.country" value="GB"/>
    <property name="sun.java.launcher" value="SUN_STANDARD"/>
    <property name="java.vm.specification.name" value="Java Virtual Machine Specification"/>
    <property name="user.dir" value="C:\Users\manav\OneDrive\Desktop\dbms_system"/>
    <property name="java.vm.compressedOopsMode" value="Zero based"/>
    <property name="java.runtime.version" value="17.0.6+9-LTS-190"/>
    <property name="os.arch" value="amd64"/>
    <property name="java.io.tmpdir" value="C:\Users\manav\AppData\Local\Temp\"/>
    <property name="line.separator" value="
"/>
    <property name="java.vm.specification.vendor" value="Oracle Corporation"/>
    <property name="user.variant" value=""/>
    <property name="os.name" value="Windows 11"/>
    <property name="maven.ext.class.path" value="C:\Program Files\JetBrains\IntelliJ IDEA Community Edition 2022.3.1\plugins\maven\lib\maven-event-listener.jar"/>
    <property name="classworlds.conf" value="C:\Program Files\JetBrains\IntelliJ IDEA Community Edition 2022.3.1\plugins\maven\lib\maven3\bin\m2.conf"/>
    <property name="sun.jnu.encoding" value="Cp1252"/>
    <property name="java.library.path" value="C:\Program Files\Java\jdk-17\bin;C:\windows\Sun\Java\bin;C:\windows\system32;C:\windows;C:\Program Files\Common Files\Oracle\Java\javapath;C:\Python311\Scripts\;C:\Python311\;C:\windows\system32;C:\windows;C:\windows\System32\Wbem;C:\windows\System32\WindowsPowerShell\v1.0\;C:\windows\System32\OpenSSH\;C:\Program Files (x86)\NVIDIA Corporation\PhysX\Common;C:\Program Files\NVIDIA Corporation\NVIDIA NvDLISR;C:\Program Files\nodejs\;C:\ProgramData\chocolatey\bin;C:\Program Files\Java\jdk-17\bin;C:\Program Files\Common Files\Oracle\Java\javapath;C:\Program Files\Git\cmd;C:\Program Files\MySQL\MySQL Shell 8.0\bin\;C:\Users\manav\AppData\Local\Microsoft\WindowsApps;;C:\Users\manav\AppData\Local\Programs\Microsoft VS Code\bin;C:\Users\manav\AppData\Roaming\npm;C:\Program Files\JetBrains\IntelliJ IDEA Community Edition 2022.3.1\bin;;."/>
    <property name="jansi.passthrough" value="true"/>
    <property name="maven.conf" value="C:\Program Files\JetBrains\IntelliJ IDEA Community Edition 2022.3.1\plugins\maven\lib\maven3/conf"/>
    <property name="jdk.debug" value="release"/>
    <property name="java.class.version" value="61.0"/>
    <property name="java.specification.name" value="Java Platform API Specification"/>
    <property name="sun.management.compiler" value="HotSpot 64-Bit Tiered Compilers"/>
    <property name="os.version" value="10.0"/>
    <property name="user.home" value="C:\Users\manav"/>
    <property name="user.timezone" value="America/Halifax"/>
    <property name="file.encoding" value="UTF-8"/>
    <property name="java.specification.version" value="17"/>
    <property name="user.name" value="manav"/>
    <property name="java.class.path" value="C:\Program Files\JetBrains\IntelliJ IDEA Community Edition 2022.3.1\plugins\maven\lib\maven3\boot\plexus-classworlds-2.6.0.jar;C:\Program Files\JetBrains\IntelliJ IDEA Community Edition 2022.3.1\plugins\maven\lib\maven3\boot\plexus-classworlds.license"/>
    <property name="java.vm.specification.version" value="17"/>
    <property name="sun.arch.data.model" value="64"/>
    <property name="sun.java.command" value="org.codehaus.classworlds.Launcher -Didea.version=2022.3.1 test"/>
    <property name="java.home" value="C:\Program Files\Java\jdk-17"/>
    <property name="user.language" value="en"/>
    <property name="java.specification.vendor" value="Oracle Corporation"/>
    <property name="java.vm.info" value="mixed mode, sharing"/>
    <property name="java.version" value="17.0.6"/>
    <property name="native.encoding" value="Cp1252"/>
    <property name="java.vendor" value="Oracle Corporation"/>
    <property name="maven.home" value="C:\Program Files\JetBrains\IntelliJ IDEA Community Edition 2022.3.1\plugins\maven\lib\maven3"/>
    <property name="file.separator" value="\"/>
    <property name="java.version.date" value="2023-01-17"/>
    <property name="java.vendor.url.bug" value="https://bugreport.java.com/bugreport/"/>
    <property name="sun.io.unicode.encoding" value="UnicodeLittle"/>
    <property name="sun.cpu.endian" value="little"/>
    <property name="sun.cpu.isalist" value="amd64"/>
  </properties>
  <testcase classname="org.dbms_system.Common.CommonFunctionsTest" name="testValidDeleteTableQuery" time="0.026"/>
  <testcase classname="org.dbms_system.Common.CommonFunctionsTest" name="testInValidInsertTableQuery" time="0.001"/>
  <testcase classname="org.dbms_system.Common.CommonFunctionsTest" name="testValidUpdateTableQuery" time="0"/>
  <testcase classname="org.dbms_system.Common.CommonFunctionsTest" name="testInValidSelectTableQuery" time="0"/>
  <testcase classname="org.dbms_system.Common.CommonFunctionsTest" name="testValidUseDatabaseQuery" time="0.009"/>
  <testcase classname="org.dbms_system.Common.CommonFunctionsTest" name="testAskForAccount" time="0.001"/>
  <testcase classname="org.dbms_system.Common.CommonFunctionsTest" name="testValidCreateDatabaseQuery" time="0"/>
  <testcase classname="org.dbms_system.Common.CommonFunctionsTest" name="testInValidCreateTableQuery" time="0.001"/>
  <testcase classname="org.dbms_system.Common.CommonFunctionsTest" name="testValidInsertTableQuery" time="0"/>
  <testcase classname="org.dbms_system.Common.CommonFunctionsTest" name="testValidSelectTableQuery" time="0"/>
  <testcase classname="org.dbms_system.Common.CommonFunctionsTest" name="testInvalidCreateDatabaseQuery" time="0"/>
  <testcase classname="org.dbms_system.Common.CommonFunctionsTest" name="testInValidDeleteTableQuery" time="0"/>
  <testcase classname="org.dbms_system.Common.CommonFunctionsTest" name="testInValidUseDatabaseQuery" time="0"/>
  <testcase classname="org.dbms_system.Common.CommonFunctionsTest" name="testValidCreateTableQuery" time="0.001"/>
  <testcase classname="org.dbms_system.Common.CommonFunctionsTest" name="testInValidUpdateTawbleQuery" time="0"/>
</testsuite>